--------------------------------------------------------------------------------
Release 14.7 Trace  (nt64)
Copyright (c) 1995-2013 Xilinx, Inc.  All rights reserved.

C:\Xilinx\14.7\ISE_DS\ISE\bin\nt64\unwrapped\trce.exe -intstyle ise -v 3 -s 2
-n 3 -fastpaths -xml add.twx add.ncd -o add.twr add.pcf -ucf add.ucf

Design file:              add.ncd
Physical constraint file: add.pcf
Device,package,speed:     xc6slx9,csg324,C,-2 (PRODUCTION 1.23 2013-10-13)
Report level:             verbose report

Environment Variable      Effect 
--------------------      ------ 
NONE                      No environment variables were set
--------------------------------------------------------------------------------

INFO:Timing:2698 - No timing constraints found, doing default enumeration.
INFO:Timing:3412 - To improve timing, see the Timing Closure User Guide (UG612).
INFO:Timing:2752 - To get complete path coverage, use the unconstrained paths 
   option. All paths that are not constrained will be reported in the 
   unconstrained paths section(s) of the report.
INFO:Timing:3339 - The clock-to-out numbers in this timing report are based on 
   a 50 Ohm transmission line loading model.  For the details of this model, 
   and for more information on accounting for different loading conditions, 
   please see the device datasheet.



Data Sheet report:
-----------------
All values displayed in nanoseconds (ns)

Pad to Pad
---------------+---------------+---------+
Source Pad     |Destination Pad|  Delay  |
---------------+---------------+---------+
a<0>           |s<0>           |    9.297|
a<0>           |s<1>           |    9.752|
a<0>           |s<2>           |   10.339|
a<0>           |s<3>           |   10.550|
a<0>           |s<4>           |   10.457|
a<1>           |s<1>           |    9.563|
a<1>           |s<2>           |   10.150|
a<1>           |s<3>           |   10.361|
a<1>           |s<4>           |   10.268|
a<2>           |s<2>           |    9.621|
a<2>           |s<3>           |    9.729|
a<2>           |s<4>           |    9.636|
a<3>           |s<3>           |    9.734|
a<3>           |s<4>           |    9.641|
b<0>           |s<0>           |   10.061|
b<0>           |s<1>           |    9.812|
b<0>           |s<2>           |   10.399|
b<0>           |s<3>           |   10.610|
b<0>           |s<4>           |   10.517|
b<1>           |s<1>           |    9.766|
b<1>           |s<2>           |   10.353|
b<1>           |s<3>           |   10.564|
b<1>           |s<4>           |   10.471|
b<2>           |s<2>           |    9.800|
b<2>           |s<3>           |    9.884|
b<2>           |s<4>           |    9.791|
b<3>           |s<3>           |    9.802|
b<3>           |s<4>           |    9.709|
ci             |s<0>           |    8.878|
ci             |s<1>           |    8.885|
ci             |s<2>           |    9.472|
ci             |s<3>           |    9.683|
ci             |s<4>           |    9.590|
---------------+---------------+---------+


Analysis completed Wed Sep 30 23:43:41 2015 
--------------------------------------------------------------------------------

Trace Settings:
-------------------------
Trace Settings 

Peak Memory Usage: 241 MB



